<?xml version="1.0" encoding="UTF-8"?>
<testng-results skipped="0" failed="0" ignored="0" total="1" passed="1">
  <reporter-output>
  </reporter-output>
  <suite name="Default suite" duration-ms="39606" started-at="2018-12-01T18:44:22Z" finished-at="2018-12-01T18:45:02Z">
    <groups>
    </groups>
    <test name="Default test" duration-ms="39606" started-at="2018-12-01T18:44:22Z" finished-at="2018-12-01T18:45:02Z">
      <class name="mukeshScreenShot.MukeshScreenClass">
        <test-method status="PASS" signature="captureScreenshot()[pri:0, instance:mukeshScreenShot.MukeshScreenClass@458c1321]" name="captureScreenshot" duration-ms="39565" started-at="2018-12-01T18:44:22Z" finished-at="2018-12-01T18:45:02Z">
          <reporter-output>
          </reporter-output>
        </test-method> <!-- captureScreenshot -->
      </class> <!-- mukeshScreenShot.MukeshScreenClass -->
    </test> <!-- Default test -->
  </suite> <!-- Default suite -->
</testng-results>
